Unity Editor version:    2022.3.13f1 (5f90a5ebde0f)
Branch:                  2022.3/staging
Build type:              Release
Batch mode:              YES
System name:             Linux
Distro version:          #18~22.04.1-Ubuntu SMP Tue Nov 21 19:25:02 UTC 2023
Kernel version:          6.2.0-1018-azure
Architecture:            x86_64
Available memory:        15981 MB
[Licensing::Module] Trying to connect to existing licensing client channel...
[Licensing::IpcConnector] Connection attempt to the License Client on channel: "LicenseClient-root" failed because channel doesn't exist; code: "0x80000002"
[Licensing::Module] Successfully launched the LicensingClient (PId: 2112)
[Licensing::IpcConnector] Successfully connected to the License Client on channel: "LicenseClient-root" at "2023-12-20T10:28:30.306975Z"
[SignatureVerifier] Application signature verification not supported on this platform.
[Licensing::Client] Handshaking with LicensingClient:
  Version:                 1.13.1+ca5f299
  Session Id:              a1a14beca6d3472c922df99b1e9fbd16
  Correlation Id:          0611c9cf5e273c9eb0fa73b1a196f369
  External correlation Id: 5678646993942520647
  Machine Id:              p+5h93vEVkWcCzC2DwTKix9ZXzw=
[Licensing::Module] Successfully connected to LicensingClient on channel: "LicenseClient-root" (connect: 0.55s, validation: 0.05s, handshake: 0.00s)
[Licensing::IpcConnector] Successfully connected to the License Notification on channel: "LicenseClient-root-notifications" at "2023-12-20T10:28:30.359303Z"
[Licensing::Module] Connected to LicensingClient (PId: 2112, launch time: 0.00, total connection time: 0.60s)
[Licensing::Module] Error: Access token is unavailable; failed to update
[Licensing::Client] Successfully updated license
[Licensing::Client] Successfully resolved entitlements
[Licensing::Module] Serial number assigned to: "F4-5UPT-57PP-5J2F-B78G-XXXX"
Pro License: NO
Desktop is 1280 x 1024 @ 60 Hz
Initialize udev device monitor.

COMMAND LINE ARGUMENTS:
/opt/unity/Editor/Unity
-batchmode
-batchmode
-logFile
/github/workspace/artifacts/COMBINE_RESULTS.log
-projectPath
/github/workspace/.
-coverageResultsPath
/github/workspace/CodeCoverage
-quit
-enableCodeCoverage
-debugCodeOptimization
-coverageOptions
generateAdditionalMetrics;generateHtmlReport;generateBadgeReport;dontClear
Successfully changed project path to: /github/workspace/.
/github/workspace
[UnityMemory] Configuration Parameters - Can be set up in boot.config
    "memorysetup-bucket-allocator-granularity=16"
    "memorysetup-bucket-allocator-bucket-count=8"
    "memorysetup-bucket-allocator-block-size=33554432"
    "memorysetup-bucket-allocator-block-count=8"
    "memorysetup-main-allocator-block-size=16777216"
    "memorysetup-thread-allocator-block-size=16777216"
    "memorysetup-gfx-main-allocator-block-size=16777216"
    "memorysetup-gfx-thread-allocator-block-size=16777216"
    "memorysetup-cache-allocator-block-size=4194304"
    "memorysetup-typetree-allocator-block-size=2097152"
    "memorysetup-profiler-bucket-allocator-granularity=16"
    "memorysetup-profiler-bucket-allocator-bucket-count=8"
    "memorysetup-profiler-bucket-allocator-block-size=33554432"
    "memorysetup-profiler-bucket-allocator-block-count=8"
    "memorysetup-profiler-allocator-block-size=16777216"
    "memorysetup-profiler-editor-allocator-block-size=1048576"
    "memorysetup-temp-allocator-size-main=16777216"
    "memorysetup-job-temp-allocator-block-size=2097152"
    "memorysetup-job-temp-allocator-block-size-background=1048576"
    "memorysetup-job-temp-allocator-reduction-small-platforms=262144"
    "memorysetup-allocator-temp-initial-block-size-main=262144"
    "memorysetup-allocator-temp-initial-block-size-worker=262144"
    "memorysetup-temp-allocator-size-background-worker=32768"
    "memorysetup-temp-allocator-size-job-worker=262144"
    "memorysetup-temp-allocator-size-preload-manager=33554432"
    "memorysetup-temp-allocator-size-nav-mesh-worker=65536"
    "memorysetup-temp-allocator-size-audio-worker=65536"
    "memorysetup-temp-allocator-size-cloud-worker=32768"
    "memorysetup-temp-allocator-size-gi-baking-worker=262144"
    "memorysetup-temp-allocator-size-gfx=262144"
Player connection [140188976305088] Host "[IP] 172.17.0.2 [Port] 55496 [Flags] 2 [Guid] 3510630667 [EditorId] 3510630667 [Version] 1048832 [Id] LinuxEditor(16,172.17.0.2) [Debug] 1 [PackageName] LinuxEditor [ProjectName] Editor" joined multi-casting on [225.0.0.222:54997]...

Player connection [140188976305088] Host "[IP] 172.17.0.2 [Port] 55496 [Flags] 2 [Guid] 3510630667 [EditorId] 3510630667 [Version] 1048832 [Id] LinuxEditor(16,172.17.0.2) [Debug] 1 [PackageName] LinuxEditor [ProjectName] Editor" joined alternative multi-casting on [225.0.0.222:34997]...

[Physics::Module] Initialized MultithreadedJobDispatcher with 3 workers.
[Package Manager] UpmClient::Connect -- Connected to IPC stream "Upm-2106" after 0.2 seconds.
[Licensing::Client] Successfully resolved entitlements
[Package Manager] Restoring resolved packages state from cache
[Licensing::Client] Successfully resolved entitlement details
[Package Manager] Registered 58 packages:
  Packages from [https://packages.unity.com]:
    com.unity.adaptiveperformance@5.0.2 (location: /github/workspace/Library/PackageCache/com.unity.adaptiveperformance@5.0.2)
    com.unity.adaptiveperformance.google.android@1.2.1 (location: /github/workspace/Library/PackageCache/com.unity.adaptiveperformance.google.android@1.2.1)
    com.unity.adaptiveperformance.samsung.android@5.0.0 (location: /github/workspace/Library/PackageCache/com.unity.adaptiveperformance.samsung.android@5.0.0)
    com.unity.cinemachine@2.9.7 (location: /github/workspace/Library/PackageCache/com.unity.cinemachine@2.9.7)
    com.unity.collab-proxy@2.2.0 (location: /github/workspace/Library/PackageCache/com.unity.collab-proxy@2.2.0)
    com.unity.device-simulator.devices@1.0.0 (location: /github/workspace/Library/PackageCache/com.unity.device-simulator.devices@1.0.0)
    com.unity.ide.rider@3.0.26 (location: /github/workspace/Library/PackageCache/com.unity.ide.rider@3.0.26)
    com.unity.ide.visualstudio@2.0.22 (location: /github/workspace/Library/PackageCache/com.unity.ide.visualstudio@2.0.22)
    com.unity.inputsystem@1.7.0 (location: /github/workspace/Library/PackageCache/com.unity.inputsystem@1.7.0)
    com.unity.test-framework@1.1.33 (location: /github/workspace/Library/PackageCache/com.unity.test-framework@1.1.33)
    com.unity.textmeshpro@3.0.6 (location: /github/workspace/Library/PackageCache/com.unity.textmeshpro@3.0.6)
    com.unity.timeline@1.7.6 (location: /github/workspace/Library/PackageCache/com.unity.timeline@1.7.6)
    com.unity.toolchain.linux-x86_64@2.0.6 (location: /github/workspace/Library/PackageCache/com.unity.toolchain.linux-x86_64@2.0.6)
    com.unity.visualscripting@1.9.1 (location: /github/workspace/Library/PackageCache/com.unity.visualscripting@1.9.1)
    com.unity.sysroot@2.0.7 (location: /github/workspace/Library/PackageCache/com.unity.sysroot@2.0.7)
    com.unity.sysroot.linux-x86_64@2.0.6 (location: /github/workspace/Library/PackageCache/com.unity.sysroot.linux-x86_64@2.0.6)
    com.unity.ext.nunit@1.0.6 (location: /github/workspace/Library/PackageCache/com.unity.ext.nunit@1.0.6)
    com.unity.mathematics@1.2.6 (location: /github/workspace/Library/PackageCache/com.unity.mathematics@1.2.6)
    com.unity.burst@1.8.9 (location: /github/workspace/Library/PackageCache/com.unity.burst@1.8.9)
    com.unity.profiling.core@1.0.2 (location: /github/workspace/Library/PackageCache/com.unity.profiling.core@1.0.2)
    com.unity.searcher@4.9.2 (location: /github/workspace/Library/PackageCache/com.unity.searcher@4.9.2)
  Built-in packages:
    com.unity.2d.sprite@1.0.0 (location: /github/workspace/Library/PackageCache/com.unity.2d.sprite@1.0.0)
    com.unity.render-pipelines.universal@14.0.9 (location: /github/workspace/Library/PackageCache/com.unity.render-pipelines.universal@14.0.9)
    com.unity.ugui@1.0.0 (location: /github/workspace/Library/PackageCache/com.unity.ugui@1.0.0)
    com.unity.modules.ai@1.0.0 (location: /github/workspace/Library/PackageCache/com.unity.modules.ai@1.0.0)
    com.unity.modules.androidjni@1.0.0 (location: /github/workspace/Library/PackageCache/com.unity.modules.androidjni@1.0.0)
    com.unity.modules.animation@1.0.0 (location: /github/workspace/Library/PackageCache/com.unity.modules.animation@1.0.0)
    com.unity.modules.assetbundle@1.0.0 (location: /github/workspace/Library/PackageCache/com.unity.modules.assetbundle@1.0.0)
    com.unity.modules.audio@1.0.0 (location: /github/workspace/Library/PackageCache/com.unity.modules.audio@1.0.0)
    com.unity.modules.cloth@1.0.0 (location: /github/workspace/Library/PackageCache/com.unity.modules.cloth@1.0.0)
    com.unity.modules.director@1.0.0 (location: /github/workspace/Library/PackageCache/com.unity.modules.director@1.0.0)
    com.unity.modules.imageconversion@1.0.0 (location: /github/workspace/Library/PackageCache/com.unity.modules.imageconversion@1.0.0)
    com.unity.modules.imgui@1.0.0 (location: /github/workspace/Library/PackageCache/com.unity.modules.imgui@1.0.0)
    com.unity.modules.jsonserialize@1.0.0 (location: /github/workspace/Library/PackageCache/com.unity.modules.jsonserialize@1.0.0)
    com.unity.modules.particlesystem@1.0.0 (location: /github/workspace/Library/PackageCache/com.unity.modules.particlesystem@1.0.0)
    com.unity.modules.physics@1.0.0 (location: /github/workspace/Library/PackageCache/com.unity.modules.physics@1.0.0)
    com.unity.modules.physics2d@1.0.0 (location: /github/workspace/Library/PackageCache/com.unity.modules.physics2d@1.0.0)
    com.unity.modules.screencapture@1.0.0 (location: /github/workspace/Library/PackageCache/com.unity.modules.screencapture@1.0.0)
    com.unity.modules.terrain@1.0.0 (location: /github/workspace/Library/PackageCache/com.unity.modules.terrain@1.0.0)
    com.unity.modules.terrainphysics@1.0.0 (location: /github/workspace/Library/PackageCache/com.unity.modules.terrainphysics@1.0.0)
    com.unity.modules.tilemap@1.0.0 (location: /github/workspace/Library/PackageCache/com.unity.modules.tilemap@1.0.0)
    com.unity.modules.ui@1.0.0 (location: /github/workspace/Library/PackageCache/com.unity.modules.ui@1.0.0)
    com.unity.modules.uielements@1.0.0 (location: /github/workspace/Library/PackageCache/com.unity.modules.uielements@1.0.0)
    com.unity.modules.umbra@1.0.0 (location: /github/workspace/Library/PackageCache/com.unity.modules.umbra@1.0.0)
    com.unity.modules.unityanalytics@1.0.0 (location: /github/workspace/Library/PackageCache/com.unity.modules.unityanalytics@1.0.0)
    com.unity.modules.unitywebrequest@1.0.0 (location: /github/workspace/Library/PackageCache/com.unity.modules.unitywebrequest@1.0.0)
    com.unity.modules.unitywebrequestassetbundle@1.0.0 (location: /github/workspace/Library/PackageCache/com.unity.modules.unitywebrequestassetbundle@1.0.0)
    com.unity.modules.unitywebrequestaudio@1.0.0 (location: /github/workspace/Library/PackageCache/com.unity.modules.unitywebrequestaudio@1.0.0)
    com.unity.modules.unitywebrequesttexture@1.0.0 (location: /github/workspace/Library/PackageCache/com.unity.modules.unitywebrequesttexture@1.0.0)
    com.unity.modules.unitywebrequestwww@1.0.0 (location: /github/workspace/Library/PackageCache/com.unity.modules.unitywebrequestwww@1.0.0)
    com.unity.modules.vehicles@1.0.0 (location: /github/workspace/Library/PackageCache/com.unity.modules.vehicles@1.0.0)
    com.unity.modules.video@1.0.0 (location: /github/workspace/Library/PackageCache/com.unity.modules.video@1.0.0)
    com.unity.modules.vr@1.0.0 (location: /github/workspace/Library/PackageCache/com.unity.modules.vr@1.0.0)
    com.unity.modules.wind@1.0.0 (location: /github/workspace/Library/PackageCache/com.unity.modules.wind@1.0.0)
    com.unity.modules.xr@1.0.0 (location: /github/workspace/Library/PackageCache/com.unity.modules.xr@1.0.0)
    com.unity.modules.subsystems@1.0.0 (location: /github/workspace/Library/PackageCache/com.unity.modules.subsystems@1.0.0)
    com.unity.render-pipelines.core@14.0.9 (location: /github/workspace/Library/PackageCache/com.unity.render-pipelines.core@14.0.9)
    com.unity.shadergraph@14.0.9 (location: /github/workspace/Library/PackageCache/com.unity.shadergraph@14.0.9)
[Subsystems] No new subsystems found in resolved package list.
Package Manager log level set to [2]
[Package Manager] Done registering packages in 0.04 seconds
Refreshing native plugins compatible for Editor in 6.37 ms, found 0 plugins.
Preloading 0 native plugins for Editor in 0.00 ms.
Initialize engine version: 2022.3.13f1 (5f90a5ebde0f)
[Subsystems] Discovering subsystems at path /opt/unity/Editor/Data/Resources/UnitySubsystems
[Subsystems] Discovering subsystems at path /github/workspace/Assets
GLX Extensions: GLX_ARB_context_flush_control GLX_ARB_create_context GLX_ARB_create_context_no_error GLX_ARB_create_context_profile GLX_ARB_fbconfig_float GLX_ARB_framebuffer_sRGB GLX_ARB_get_proc_address GLX_ARB_multisample GLX_EXT_create_context_es2_profile GLX_EXT_create_context_es_profile GLX_EXT_fbconfig_packed_float GLX_EXT_framebuffer_sRGB GLX_EXT_no_config_context GLX_EXT_texture_from_pixmap GLX_EXT_visual_info GLX_EXT_visual_rating GLX_MESA_copy_sub_buffer GLX_MESA_query_renderer GLX_OML_swap_method GLX_SGIS_multisample GLX_SGIX_fbconfig GLX_SGIX_pbuffer GLX_SGIX_visual_select_group GLX_SGI_make_current_read 
Renderer: llvmpipe (LLVM 15.0.7, 256 bits)
Vendor:   Mesa
Version:  4.5 (Core Profile) Mesa 23.0.4-0ubuntu1~22.04.1
GLES:     0
 GL_3DFX_texture_compression_FXT1 GL_AMD_conservative_depth GL_AMD_draw_buffers_blend GL_AMD_gpu_shader_int64 GL_AMD_multi_draw_indirect GL_AMD_pinned_memory GL_AMD_query_buffer_object GL_AMD_seamless_cubemap_per_texture GL_AMD_shader_stencil_export GL_AMD_shader_trinary_minmax GL_AMD_texture_texture4 GL_AMD_vertex_shader_layer GL_AMD_vertex_shader_viewport_index GL_ANGLE_texture_compression_dxt3 GL_ANGLE_texture_compression_dxt5 GL_ARB_ES2_compatibility GL_ARB_ES3_1_compatibility GL_ARB_ES3_2_compatibility GL_ARB_ES3_compatibility GL_ARB_arrays_of_arrays GL_ARB_base_instance GL_ARB_blend_func_extended GL_ARB_buffer_storage GL_ARB_clear_buffer_object GL_ARB_clear_texture GL_ARB_clip_control GL_ARB_compressed_texture_pixel_storage GL_ARB_compute_shader GL_ARB_conditional_render_inverted GL_ARB_conservative_depth GL_ARB_copy_buffer GL_ARB_copy_image GL_ARB_cull_distance GL_ARB_debug_output GL_ARB_depth_buffer_float GL_ARB_depth_clamp GL_ARB_derivative_control GL_ARB_direct_state_access GL_ARB_draw_buffers GL_A
RB_draw_buffers_blend GL_ARB_draw_elements_base_vertex GL_ARB_draw_indirect GL_ARB_draw_instanced GL_ARB_enhanced_layouts GL_ARB_explicit_attrib_location GL_ARB_explicit_uniform_location GL_ARB_fragment_coord_conventions GL_ARB_fragment_layer_viewport GL_ARB_fragment_shader GL_ARB_framebuffer_no_attachments GL_ARB_framebuffer_object GL_ARB_framebuffer_sRGB GL_ARB_get_program_binary GL_ARB_get_texture_sub_image GL_ARB_gl_spirv GL_ARB_gpu_shader5 GL_ARB_gpu_shader_fp64 GL_ARB_gpu_shader_int64 GL_ARB_half_float_pixel GL_ARB_half_float_vertex GL_ARB_indirect_parameters GL_ARB_instanced_arrays GL_ARB_internalformat_query GL_ARB_internalformat_query2 GL_ARB_invalidate_subdata GL_ARB_map_buffer_alignment GL_ARB_map_buffer_range GL_ARB_multi_bind GL_ARB_multi_draw_indirect GL_ARB_occlusion_query2 GL_ARB_parallel_shader_compile GL_ARB_pipeline_statistics_query GL_ARB_pixel_buffer_object GL_ARB_point_sprite GL_ARB_polygon_offset_clamp GL_ARB_post_depth_coverage GL_ARB_program_interface_query GL_ARB_provoking_vertex GL
_ARB_query_buffer_object GL_ARB_robust_buffer_access_behavior GL_ARB_robustness GL_ARB_sample_shading GL_ARB_sampler_objects GL_ARB_seamless_cube_map GL_ARB_seamless_cubemap_per_texture GL_ARB_separate_shader_objects GL_ARB_shader_atomic_counter_ops GL_ARB_shader_atomic_counters GL_ARB_shader_ballot GL_ARB_shader_bit_encoding GL_ARB_shader_clock GL_ARB_shader_draw_parameters GL_ARB_shader_group_vote GL_ARB_shader_image_load_store GL_ARB_shader_image_size GL_ARB_shader_objects GL_ARB_shader_precision GL_ARB_shader_stencil_export GL_ARB_shader_storage_buffer_object GL_ARB_shader_subroutine GL_ARB_shader_texture_image_samples GL_ARB_shader_texture_lod GL_ARB_shader_viewport_layer_array GL_ARB_shading_language_420pack GL_ARB_shading_language_include GL_ARB_shading_language_packing GL_ARB_spirv_extensions GL_ARB_stencil_texturing GL_ARB_sync GL_ARB_tessellation_shader GL_ARB_texture_barrier GL_ARB_texture_buffer_object GL_ARB_texture_buffer_object_rgb32 GL_ARB_texture_buffer_range GL_ARB_texture_compression_bptc 
GL_ARB_texture_compression_rgtc GL_ARB_texture_cube_map_array GL_ARB_texture_filter_anisotropic GL_ARB_texture_filter_minmax GL_ARB_texture_float GL_ARB_texture_gather GL_ARB_texture_mirror_clamp_to_edge GL_ARB_texture_multisample GL_ARB_texture_non_power_of_two GL_ARB_texture_query_levels GL_ARB_texture_query_lod GL_ARB_texture_rectangle GL_ARB_texture_rg GL_ARB_texture_rgb10_a2ui GL_ARB_texture_stencil8 GL_ARB_texture_storage GL_ARB_texture_storage_multisample GL_ARB_texture_swizzle GL_ARB_texture_view GL_ARB_timer_query GL_ARB_transform_feedback2 GL_ARB_transform_feedback3 GL_ARB_transform_feedback_instanced GL_ARB_transform_feedback_overflow_query GL_ARB_uniform_buffer_object GL_ARB_vertex_array_bgra GL_ARB_vertex_array_object GL_ARB_vertex_attrib_64bit GL_ARB_vertex_attrib_binding GL_ARB_vertex_buffer_object GL_ARB_vertex_shader GL_ARB_vertex_type_10f_11f_11f_rev GL_ARB_vertex_type_2_10_10_10_rev GL_ARB_viewport_array GL_ARM_shader_framebuffer_fetch_depth_stencil GL_ATI_blend_equation_separate GL_ATI_te
xture_float GL_ATI_texture_mirror_once GL_EXT_EGL_image_storage GL_EXT_EGL_sync GL_EXT_abgr GL_EXT_blend_equation_separate GL_EXT_debug_label GL_EXT_draw_buffers2 GL_EXT_draw_instanced GL_EXT_framebuffer_blit GL_EXT_framebuffer_multisample GL_EXT_framebuffer_multisample_blit_scaled GL_EXT_framebuffer_object GL_EXT_framebuffer_sRGB GL_EXT_memory_object GL_EXT_memory_object_fd GL_EXT_packed_depth_stencil GL_EXT_packed_float GL_EXT_pixel_buffer_object GL_EXT_polygon_offset_clamp GL_EXT_provoking_vertex GL_EXT_shader_framebuffer_fetch GL_EXT_shader_framebuffer_fetch_non_coherent GL_EXT_shader_integer_mix GL_EXT_texture_array GL_EXT_texture_compression_dxt1 GL_EXT_texture_compression_rgtc GL_EXT_texture_compression_s3tc GL_EXT_texture_filter_anisotropic GL_EXT_texture_filter_minmax GL_EXT_texture_integer GL_EXT_texture_mirror_clamp GL_EXT_texture_sRGB GL_EXT_texture_sRGB_R8 GL_EXT_texture_sRGB_RG8 GL_EXT_texture_sRGB_decode GL_EXT_texture_shadow_lod GL_EXT_texture_shared_exponent GL_EXT_texture_snorm GL_EXT_textu
re_swizzle GL_EXT_timer_query GL_EXT_transform_feedback GL_EXT_vertex_array_bgra GL_EXT_vertex_attrib_64bit GL_IBM_multimode_draw_arrays GL_INTEL_shader_atomic_float_minmax GL_KHR_blend_equation_advanced GL_KHR_blend_equation_advanced_coherent GL_KHR_context_flush_control GL_KHR_debug GL_KHR_no_error GL_KHR_parallel_shader_compile GL_KHR_robust_buffer_access_behavior GL_KHR_robustness GL_KHR_texture_compression_astc_ldr GL_KHR_texture_compression_astc_sliced_3d GL_MESA_framebuffer_flip_y GL_MESA_pack_invert GL_MESA_shader_integer_functions GL_MESA_texture_signed_rgba GL_MESA_ycbcr_texture GL_NV_conditional_render GL_NV_copy_image GL_NV_depth_clamp GL_NV_packed_depth_stencil GL_NV_shader_atomic_float GL_NV_texture_barrier GL_OES_EGL_image GL_S3_s3tc
OPENGL LOG: Creating OpenGL 4.5 graphics device ; Context level  <OpenGL 4.5> ; Context handle 1562112560
Shader Hidden/ProbeVolume/VoxelizeScene is not supported: GPU does not support conservative rasterization
[Licensing::Client] Successfully resolved entitlements
Initialize mono
Mono path[0] = '/opt/unity/Editor/Data/Managed'
Mono path[1] = '/opt/unity/Editor/Data/MonoBleedingEdge/lib/mono/unityjit-linux'
Mono config path = '/opt/unity/Editor/Data/MonoBleedingEdge/etc'
Using monoOptions --debugger-agent=transport=dt_socket,embedding=1,server=y,suspend=n,address=127.0.0.1:56106
Code Coverage is enabled. Note that Code Coverage can affect the performance.
Using cacheserver namespaces - metadata:defaultmetadata, artifacts:defaultartifacts
Using cacheserver namespaces - metadata:defaultmetadata, artifacts:defaultartifacts
ImportWorker Server TCP listen port: 0
Begin MonoManager ReloadAssembly
Registering precompiled unity dll's ...
Register platform support module: /opt/unity/Editor/Data/PlaybackEngines/LinuxStandaloneSupport/UnityEditor.LinuxStandalone.Extensions.dll
Registered in 0.012783 seconds.
- Loaded All Assemblies, in  0.359 seconds
Native extension for LinuxStandalone target not found
Mono: successfully reloaded assembly
- Finished resetting the current domain, in  0.781 seconds
Domain Reload Profiling: 1141ms
	BeginReloadAssembly (69ms)
		ExecutionOrderSort (0ms)
		DisableScriptedObjects (0ms)
		BackupInstance (0ms)
		ReleaseScriptingObjects (0ms)
		CreateAndSetChildDomain (1ms)
	RebuildCommonClasses (42ms)
	RebuildNativeTypeToScriptingClass (7ms)
	initialDomainReloadingComplete (112ms)
	LoadAllAssembliesAndSetupDomain (128ms)
		LoadAssemblies (68ms)
		RebuildTransferFunctionScriptingTraits (0ms)
		AnalyzeDomain (126ms)
			TypeCache.Refresh (124ms)
				TypeCache.ScanAssembly (113ms)
			ScanForSourceGeneratedMonoScriptInfo (0ms)
			ResolveRequiredComponents (0ms)
	FinalizeReload (782ms)
		ReleaseScriptCaches (0ms)
		RebuildScriptCaches (0ms)
		SetupLoadedEditorAssemblies (674ms)
			LogAssemblyErrors (0ms)
			InitializePlatformSupportModulesInManaged (60ms)
			SetLoadedEditorAssemblies (14ms)
			RefreshPlugins (0ms)
			BeforeProcessingInitializeOnLoad (18ms)
			ProcessInitializeOnLoadAttributes (422ms)
			ProcessInitializeOnLoadMethodAttributes (159ms)
			AfterProcessingInitializeOnLoad (0ms)
			EditorAssembliesLoaded (1ms)
		ExecutionOrderSort2 (0ms)
		AwakeInstancesAfterBackupRestoration (0ms)
[Licensing::Client] Successfully resolved entitlements
Application.AssetDatabase Initial Refresh Start
[40m[32minfo[39m[22m[49m: Microsoft.Hosting.Lifetime[14]
      Now listening on: http://unix:/tmp/ilpp.sock-f07a9074cf124f978827f2e08a2ba3a4
[40m[32minfo[39m[22m[49m: Microsoft.Hosting.Lifetime[0]
      Application started. Press Ctrl+C to shut down.
[40m[32minfo[39m[22m[49m: Microsoft.Hosting.Lifetime[0]
      Hosting environment: Production
[40m[32minfo[39m[22m[49m: Microsoft.Hosting.Lifetime[0]
      Content root path: /github/workspace/
[40m[32minfo[39m[22m[49m: Microsoft.AspNetCore.Hosting.Diagnostics[1]
      Request starting HTTP/2 POST http://ilpp/UnityILPP.PostProcessing/Ping application/grpc -
[40m[32minfo[39m[22m[49m: Microsoft.AspNetCore.Routing.EndpointMiddleware[0]
      Executing endpoint 'gRPC - /UnityILPP.PostProcessing/Ping'
[40m[32minfo[39m[22m[49m: Microsoft.AspNetCore.Routing.EndpointMiddleware[1]
      Executed endpoint 'gRPC - /UnityILPP.PostProcessing/Ping'
[40m[32minfo[39m[22m[49m: Microsoft.AspNetCore.Hosting.Diagnostics[2]
      Request finished HTTP/2 POST http://ilpp/UnityILPP.PostProcessing/Ping application/grpc - - 200 - application/grpc 54.1950ms
Starting: /opt/unity/Editor/Data/bee_backend --dont-print-to-structured-log --ipc --defer-dag-verification --dagfile="Library/Bee/2400b0aEDbg.dag" --continue-on-failure --profile="Library/Bee/backend1.traceevents" ScriptAssemblies
WorkingDir: /github/workspace
[40m[32minfo[39m[22m[49m: Microsoft.AspNetCore.Hosting.Diagnostics[1]
      Request starting HTTP/2 POST http://ilpp/UnityILPP.PostProcessing/ConfigurePostProcessors application/grpc -
[40m[32minfo[39m[22m[49m: Microsoft.AspNetCore.Routing.EndpointMiddleware[0]
      Executing endpoint 'gRPC - /UnityILPP.PostProcessing/ConfigurePostProcessors'
[40m[1m[33mwarn[39m[22m[49m: Unity.ILPP.Runner.PostProcessingAssemblyLoadContext[0]
      Assembly system.runtime.interopservices.windowsruntime has duplicate hint path. Ignoring "/opt/unity/Editor/Data/UnityReferenceAssemblies/unity-4.8-api/Facades/System.Runtime.InteropServices.WindowsRuntime.dll" in favor of "/opt/unity/Editor/Data/NetStandard/Extensions/2.0.0/System.Runtime.InteropServices.WindowsRuntime.dll"
[40m[1m[33mwarn[39m[22m[49m: Unity.ILPP.Runner.PostProcessingAssemblyLoadContext[0]
      Assembly system.componentmodel.composition has duplicate hint path. Ignoring "/opt/unity/Editor/Data/UnityReferenceAssemblies/unity-4.8-api/System.ComponentModel.Composition.dll" in favor of "/opt/unity/Editor/Data/NetStandard/compat/2.1.0/shims/netfx/System.ComponentModel.Composition.dll"
[40m[32minfo[39m[22m[49m: Unity.ILPP.Runner.PostProcessingAssemblyLoadContext[0]
      Resolved Unity.Burst.Cecil, Version=0.11.4.0, Culture=neutral, PublicKeyToken=50cebf1cceb9d05e with Library/PackageCache/com.unity.burst@1.8.9/Unity.Burst.CodeGen/Unity.Burst.Cecil.dll
[40m[32minfo[39m[22m[49m: Microsoft.AspNetCore.Routing.EndpointMiddleware[1]
      Executed endpoint 'gRPC - /UnityILPP.PostProcessing/ConfigurePostProcessors'
[40m[32minfo[39m[22m[49m: Microsoft.AspNetCore.Hosting.Diagnostics[2]
      Request finished HTTP/2 POST http://ilpp/UnityILPP.PostProcessing/ConfigurePostProcessors application/grpc - - 200 - application/grpc 51.7217ms
DisplayProgressbar: Compiling Scripts
ExitCode: 0 Duration: 0s338ms
[528/697    0s] ILPP-Configuration Library/ilpp-configuration.nevergeneratedoutput
*** Tundra build success (0.31 seconds), 1 items updated, 697 evaluated
Total cache size 390180
Total cache size after purge 390180
AssetDatabase: script compilation time: 1.695929s
Begin MonoManager ReloadAssembly
- Loaded All Assemblies, in  0.700 seconds
Refreshing native plugins compatible for Editor in 3.66 ms, found 0 plugins.
Preloading 0 native plugins for Editor in 0.00 ms.
Refreshing native plugins compatible for Editor in 3.68 ms, found 0 plugins.
Native extension for LinuxStandalone target not found
Mono: successfully reloaded assembly
- Finished resetting the current domain, in  5.456 seconds
Domain Reload Profiling: 6154ms
	BeginReloadAssembly (191ms)
		ExecutionOrderSort (0ms)
		DisableScriptedObjects (17ms)
		BackupInstance (0ms)
		ReleaseScriptingObjects (0ms)
		CreateAndSetChildDomain (37ms)
	RebuildCommonClasses (34ms)
	RebuildNativeTypeToScriptingClass (7ms)
	initialDomainReloadingComplete (67ms)
	LoadAllAssembliesAndSetupDomain (397ms)
		LoadAssemblies (231ms)
		RebuildTransferFunctionScriptingTraits (0ms)
		AnalyzeDomain (216ms)
			TypeCache.Refresh (170ms)
				TypeCache.ScanAssembly (158ms)
			ScanForSourceGeneratedMonoScriptInfo (26ms)
			ResolveRequiredComponents (20ms)
	FinalizeReload (5458ms)
		ReleaseScriptCaches (0ms)
		RebuildScriptCaches (0ms)
		SetupLoadedEditorAssemblies (5023ms)
			LogAssemblyErrors (0ms)
			InitializePlatformSupportModulesInManaged (86ms)
			SetLoadedEditorAssemblies (12ms)
			RefreshPlugins (0ms)
			BeforeProcessingInitializeOnLoad (228ms)
			ProcessInitializeOnLoadAttributes (4539ms)
			ProcessInitializeOnLoadMethodAttributes (146ms)
			AfterProcessingInitializeOnLoad (9ms)
			EditorAssembliesLoaded (2ms)
		ExecutionOrderSort2 (0ms)
		AwakeInstancesAfterBackupRestoration (15ms)
Asset Pipeline Refresh (id=60e20fd6b1890165e8c85a0eaae71544): Total: 10.043 seconds - Initiated by InitialRefreshV2(ForceSynchronousImport)
	Summary:
		Imports: total=0 (actual=0, local cache=0, cache server=0)
		Asset DB Process Time: managed=0 ms, native=1911 ms
		Asset DB Callback time: managed=43 ms, native=0 ms
		Scripting: domain reloads=1, domain reload time=6296 ms, compile time=1696 ms, other=96 ms
		Project Asset Count: scripts=6778, non-scripts=2176
		Asset File Changes: new=0, changed=0, moved=0, deleted=0
		Scan Filter Count: 1
	InvokeBeforeRefreshCallbacks: 0.204ms
	ApplyChangesToAssetFolders: 0.175ms
	Scan: 564.395ms
	OnSourceAssetsModified: 0.002ms
	GetAllGuidsForCategorization: 1.163ms
	CategorizeAssets: 260.333ms
	ImportOutOfDateAssets: 5523.313ms (3799.563ms without children)
		CompileScripts: 1696.021ms
		ReloadNativeAssets: 0.016ms
		UnloadImportedAssets: 22.767ms
		EnsureUptoDateAssetsAreRegisteredWithGuidPM: 2.971ms
		InitializingProgressBar: 0.000ms
		PostProcessAllAssetNotificationsAddChangedAssets: 0.001ms
		OnDemandSchedulerStart: 1.974ms
	PostProcessAllAssets: 43.225ms
	GatherAllCurrentPrimaryArtifactRevisions: 0.002ms
	UnloadStreamsBegin: 2.520ms
	PersistCurrentRevisions: 0.352ms
	UnloadStreamsEnd: 0.025ms
	GenerateScriptTypeHashes: 5.473ms
	Untracked: 3647.744ms
Application.AssetDatabase Initial Refresh End
Shader Hidden/ProbeVolume/VoxelizeScene is not supported: GPU does not support conservative rasterization
Launched and connected shader compiler UnityShaderCompiler after 0.02 seconds
Scanning for USB devices : 0.143ms
Initializing Unity extensions:
[Licensing::Client] Successfully resolved entitlements
UpdateMenuTitleForLanguage: 10
[MODES] ModeService[none].Initialize
[MODES] ModeService[none].LoadModes
[MODES] Loading mode Default (0) for mode-current-id-SimpleTempleteProject
ProgressiveSceneManager::Cancel()
Unloading 6 Unused Serialized files (Serialized files now loaded: 0)
Unloading 118 unused Assets / (0.7 MB). Loaded Objects now: 6227.
Memory consumption went from 148.0 MB to 147.2 MB.
Total: 8.417448 ms (FindLiveObjects: 0.588254 ms CreateObjectMapping: 0.156731 ms MarkObjects: 6.401438 ms  DeleteObjects: 1.270103 ms)

Batchmode quit successfully invoked - shutting down!
Curl error 42: Callback aborted
[Licensing::IpcConnector] License Notification channel disconnected successfully.
[Licensing::IpcConnector] License Client channel disconnected successfully.
[40m[32minfo[39m[22m[49m: Microsoft.Hosting.Lifetime[0]
      Application is shutting down...
[40m[32minfo[39m[22m[49m: Unity.ILPP.Runner.PostProcessingAssemblyLoadContext[0]
      ALC ILPP context 1 is unloading
Cleanup mono
debugger-agent: Unable to listen on 49
[Performance] Application.InitializeProject                                                                                                                                              :        1 samples, Peak.  12.6 s (1.0x), Avg.  12.6 s, Total. 12.63 s (59.9%)
[Performance] Application.PackageManager.StartServer                                                                                                                                     :        1 samples, Peak.  2.60 ms (1.0x), Avg.  2.60 ms, Total. 2.600 ms (0.0%)
[Performance] Application.AcquireProjectLock                                                                                                                                             :        1 samples, Peak.  1.03 ms (1.0x), Avg.  1.03 ms, Total. 1.031 ms (0.0%)
[Performance] Application.InitializeEngineNoGraphics                                                                                                                                     :        1 samples, Peak.  76.3 ms (1.0x), Avg.  76.3 ms, Total. 76.34 ms (0.4%)
[Performance] Application.PackageManager.Initialize                                                                                                                                      :        1 samples, Peak.   240 ms (1.0x), Avg.   240 ms, Total. 240.3 ms (1.1%)
[Performance] Connecting to Package Manager                                                                                                                                              :       25 samples, Peak.  25.1 us (13.1x), Avg.  1.92 us, Total. 48.08 us (0.0%)
[Performance] Application.EngineGraphics.Initialize                                                                                                                                      :        1 samples, Peak.  80.1 ms (1.0x), Avg.  80.1 ms, Total. 80.06 ms (0.4%)
[Performance] Application.GI.Initialize                                                                                                                                                  :        1 samples, Peak.  4.72 ms (1.0x), Avg.  4.72 ms, Total. 4.716 ms (0.0%)
[Performance] Application.LoadAllDefaultResourcesFromEditor                                                                                                                              :        1 samples, Peak.  2.35 ms (1.0x), Avg.  2.35 ms, Total. 2.346 ms (0.0%)
[Performance] Application.LoadMonoAssemblies                                                                                                                                             :        1 samples, Peak.  1.15 s (1.0x), Avg.  1.15 s, Total. 1.152 s (5.5%)
[Performance] RestoreManagedReferences                                                                                                                                                   :        2 samples, Peak.   171 ms (2.0x), Avg.  85.7 ms, Total. 171.3 ms (0.8%)
[Performance] InitializeOnLoad CloudBuild                                                                                                                                                :        2 samples, Peak.  2.25 ms (1.0x), Avg.  2.24 ms, Total. 4.478 ms (0.0%)
[Performance] InitializeOnLoad MenuItems                                                                                                                                                 :        2 samples, Peak.  1.76 ms (1.0x), Avg.  1.71 ms, Total. 3.414 ms (0.0%)
[Performance] InitializeOnLoad AssetStoreContext                                                                                                                                         :        2 samples, Peak.  26.0 ms (1.0x), Avg.  24.8 ms, Total. 49.57 ms (0.2%)
[Performance] InitializeOnLoad ManagedDebuggerWindow                                                                                                                                     :        2 samples, Peak.  3.78 ms (1.3x), Avg.  3.01 ms, Total. 6.010 ms (0.0%)
[Performance] InitializeOnLoad ManagedDebugger                                                                                                                                           :        2 samples, Peak.  1.44 us (1.1x), Avg.  1.34 us, Total. 2.685 us (0.0%)
[Performance] InitializeOnLoad EditMode                                                                                                                                                  :        2 samples, Peak.  2.35 ms (1.1x), Avg.  2.18 ms, Total. 4.358 ms (0.0%)
[Performance] InitializeOnLoad ProjectSearch                                                                                                                                             :        2 samples, Peak.   822 us (1.2x), Avg.   696 us, Total. 1.393 ms (0.0%)
[Performance] InitializeOnLoad UISystemProfilerRenderService                                                                                                                             :        2 samples, Peak.  12.9 us (1.1x), Avg.  11.6 us, Total. 23.29 us (0.0%)
[Performance] InitializeOnLoad AddComponentWindow                                                                                                                                        :        2 samples, Peak.  1.11 ms (1.0x), Avg.  1.09 ms, Total. 2.188 ms (0.0%)
[Performance] InitializeOnLoad ShortcutIntegration                                                                                                                                       :        2 samples, Peak.   545 us (1.0x), Avg.   539 us, Total. 1.077 ms (0.0%)
[Performance] InitializeOnLoad ObjectSelectorSearch                                                                                                                                      :        2 samples, Peak.   543 us (1.0x), Avg.   543 us, Total. 1.085 ms (0.0%)
[Performance] InitializeOnLoad DrivenRectTransformUndo                                                                                                                                   :        2 samples, Peak.  1.17 ms (1.0x), Avg.  1.15 ms, Total. 2.307 ms (0.0%)
[Performance] InitializeOnLoad SearchService                                                                                                                                             :        2 samples, Peak.   612 us (1.0x), Avg.   603 us, Total. 1.206 ms (0.0%)
[Performance] InitializeOnLoad PlayModeDownload                                                                                                                                          :        2 samples, Peak.  24.4 ms (1.7x), Avg.  14.2 ms, Total. 28.48 ms (0.1%)
[Performance] InitializeOnLoad MixerEffectDefinitionReloader                                                                                                                             :        2 samples, Peak.  43.2 ms (1.8x), Avg.  24.6 ms, Total. 49.29 ms (0.2%)
[Performance] InitializeOnLoad SettingsService                                                                                                                                           :        2 samples, Peak.  18.5 us (1.2x), Avg.  14.9 us, Total. 29.79 us (0.0%)
[Performance] InitializeOnLoad CacheServerWindow                                                                                                                                         :        2 samples, Peak.  24.7 us (1.4x), Avg.  17.9 us, Total. 35.73 us (0.0%)
[Performance] InitializeOnLoad NativeFormatImporterUtility                                                                                                                               :        2 samples, Peak.  6.59 ms (1.1x), Avg.  6.27 ms, Total. 12.53 ms (0.1%)
[Performance] InitializeOnLoad UnityConnect                                                                                                                                              :        2 samples, Peak.  1.05 ms (1.0x), Avg.  1.03 ms, Total. 2.061 ms (0.0%)
[Performance] InitializeOnLoad WindowLayout                                                                                                                                              :        2 samples, Peak.   519 us (1.0x), Avg.   517 us, Total. 1.033 ms (0.0%)
[Performance] InitializeOnLoad CheckNavigationPackage                                                                                                                                    :        2 samples, Peak.  1.15 ms (1.0x), Avg.  1.14 ms, Total. 2.280 ms (0.0%)
[Performance] InitializeOnLoad PrefabInstanceChangedListener                                                                                                                             :        2 samples, Peak.  1.58 ms (1.0x), Avg.  1.57 ms, Total. 3.137 ms (0.0%)
[Performance] InitializeOnLoad SceneSearch                                                                                                                                               :        2 samples, Peak.   581 us (1.1x), Avg.   550 us, Total. 1.099 ms (0.0%)
[Performance] InitializeOnLoad EditorMonitor                                                                                                                                             :        2 samples, Peak.  2.33 ms (1.1x), Avg.  2.12 ms, Total. 4.244 ms (0.0%)
[Performance] InitializeOnLoad RetainedMode                                                                                                                                              :        2 samples, Peak.  9.87 ms (1.0x), Avg.  9.83 ms, Total. 19.66 ms (0.1%)
[Performance] InitializeOnLoad EditorShaderLoader                                                                                                                                        :        2 samples, Peak.  2.22 ms (1.0x), Avg.  2.14 ms, Total. 4.282 ms (0.0%)
[Performance] InitializeOnLoad EditorDelegateRegistration                                                                                                                                :        2 samples, Peak.  2.10 ms (1.0x), Avg.  2.02 ms, Total. 4.042 ms (0.0%)
[Performance] InitializeOnLoad LiveReloadTrackerCreator                                                                                                                                  :        2 samples, Peak.  1.20 ms (1.0x), Avg.  1.14 ms, Total. 2.286 ms (0.0%)
[Performance] InitializeOnLoad UxmlObjectEditorFactories                                                                                                                                 :        2 samples, Peak.  1.10 ms (1.1x), Avg.   993 us, Total. 1.986 ms (0.0%)
[Performance] InitializeOnLoad UIDocumentHierarchyWatcher                                                                                                                                :        2 samples, Peak.  1.22 ms (1.1x), Avg.  1.14 ms, Total. 2.275 ms (0.0%)
[Performance] InitializeOnLoad UXMLEditorFactories                                                                                                                                       :        2 samples, Peak.   186 ms (1.0x), Avg.   183 ms, Total. 366.8 ms (1.7%)
[Performance] InitializeOnLoad CloudBuildPoller                                                                                                                                          :        2 samples, Peak.  1.90 ms (1.1x), Avg.  1.80 ms, Total. 3.603 ms (0.0%)
[Performance] InitializeOnLoad AnalyticsService                                                                                                                                          :        2 samples, Peak.  15.1 ms (1.1x), Avg.  14.0 ms, Total. 27.95 ms (0.1%)
[Performance] InitializeOnLoad UDPService                                                                                                                                                :        2 samples, Peak.  8.05 ms (1.2x), Avg.  6.86 ms, Total. 13.72 ms (0.1%)
[Performance] InitializeOnLoad EditorGameServicesAnalytics                                                                                                                               :        2 samples, Peak.  9.70 ms (1.6x), Avg.  6.07 ms, Total. 12.14 ms (0.1%)
[Performance] InitializeOnLoad PurchasingService                                                                                                                                         :        2 samples, Peak.  18.6 ms (1.2x), Avg.  15.9 ms, Total. 31.80 ms (0.2%)
[Performance] InitializeOnLoad ServicesRepository                                                                                                                                        :        2 samples, Peak.  1.63 us (1.1x), Avg.  1.45 us, Total. 2.905 us (0.0%)
[Performance] InitializeOnLoad AdsService                                                                                                                                                :        2 samples, Peak.  9.56 ms (1.2x), Avg.  8.20 ms, Total. 16.41 ms (0.1%)
[Performance] InitializeOnLoad BuildService                                                                                                                                              :        2 samples, Peak.  8.61 ms (1.2x), Avg.  7.07 ms, Total. 14.14 ms (0.1%)
[Performance] InitializeOnLoad CrashService                                                                                                                                              :        2 samples, Peak.  7.76 ms (1.1x), Avg.  6.83 ms, Total. 13.66 ms (0.1%)
[Performance] InitializeOnLoad SearchWindow                                                                                                                                              :        2 samples, Peak.   764 us (1.0x), Avg.   744 us, Total. 1.487 ms (0.0%)
[Performance] InitializeOnLoad SearchMonitor                                                                                                                                             :        2 samples, Peak.  8.92 ms (1.1x), Avg.  8.41 ms, Total. 16.82 ms (0.1%)
[Performance] InitializeOnLoad CustomIndexers                                                                                                                                            :        2 samples, Peak.   794 us (1.1x), Avg.   726 us, Total. 1.452 ms (0.0%)
[Performance] InitializeOnLoad ParameterControllerEditor                                                                                                                                 :        2 samples, Peak.  27.9 us (1.0x), Avg.  27.7 us, Total. 55.35 us (0.0%)
[Performance] InitializeOnLoad LayerSettingsWindow                                                                                                                                       :        2 samples, Peak.  32.1 us (1.5x), Avg.  21.1 us, Total. 42.12 us (0.0%)
[Performance] InitializeOnLoad PackageManagerHookGUIDConverter.RegisterPackagesEventHandler                                                                                              :        2 samples, Peak.  1.46 ms (1.4x), Avg.  1.04 ms, Total. 2.085 ms (0.0%)
[Performance] InitializeOnLoad EditorDragAndDrop.RegisterEditorClient                                                                                                                    :        2 samples, Peak.  1.29 ms (1.0x), Avg.  1.27 ms, Total. 2.534 ms (0.0%)
[Performance] InitializeOnLoad EditorEventCallbacks.InitializeFontAssetResourceChangeCallBacks                                                                                           :        2 samples, Peak.  2.61 ms (1.1x), Avg.  2.30 ms, Total. 4.605 ms (0.0%)
[Performance] InitializeOnLoad SceneTemplateService.Init                                                                                                                                 :        2 samples, Peak.  9.50 ms (1.2x), Avg.  8.25 ms, Total. 16.51 ms (0.1%)
[Performance] InitializeOnLoad DiagnosticSwitchesConsoleMessage.Init                                                                                                                     :        2 samples, Peak.  12.5 ms (1.7x), Avg.  7.19 ms, Total. 14.39 ms (0.1%)
[Performance] InitializeOnLoad SceneVisibilityManager.Initialize                                                                                                                         :        2 samples, Peak.  19.2 ms (1.6x), Avg.  11.8 ms, Total. 23.55 ms (0.1%)
[Performance] InitializeOnLoad ScopedRegistryAddedPopup.SubscribeToRegistriesAdded                                                                                                       :        2 samples, Peak.  90.1 ms (1.4x), Avg.  63.2 ms, Total. 126.5 ms (0.6%)
[Performance] InitializeOnLoad ToolShortcutContext.Init                                                                                                                                  :        2 samples, Peak.  1.01 ms (1.2x), Avg.   816 us, Total. 1.632 ms (0.0%)
[Performance] InitializeOnLoad PackageManagerWindow.EditorInitializedInSafeMode                                                                                                          :        2 samples, Peak.  1.71 ms (1.0x), Avg.  1.70 ms, Total. 3.402 ms (0.0%)
[Performance] InitializeOnLoad EditorWindow.Initialize                                                                                                                                   :        2 samples, Peak.  2.22 ms (1.3x), Avg.  1.70 ms, Total. 3.396 ms (0.0%)
[Performance] InitializeOnLoad SysrootManager.Initialize                                                                                                                                 :        2 samples, Peak.   408 us (1.9x), Avg.   212 us, Total. 424.2 us (0.0%)
[Performance] InitializeOnLoad MemoryProfilerCompilationGuard.InjectCompileGuard                                                                                                         :        2 samples, Peak.   831 us (1.1x), Avg.   744 us, Total. 1.488 ms (0.0%)
[Performance] InitializeOnLoad AssetPostprocessingInternal.RefreshCustomDependencies                                                                                                     :        2 samples, Peak.  17.1 ms (1.3x), Avg.  13.4 ms, Total. 26.81 ms (0.1%)
[Performance] AssemblyReloadEvents.afterAssemblyReload: UnityEditor.SceneTemplate.SceneTemplateService.AfterAssemblyReload                                                               :        2 samples, Peak.  9.53 ms (1.7x), Avg.  5.69 ms, Total. 11.38 ms (0.1%)
[Performance] ProcessService.EditorAfterLoadAllAssemblies                                                                                                                                :        2 samples, Peak.  1.76 ms (1.2x), Avg.  1.47 ms, Total. 2.945 ms (0.0%)
[Performance] Application.ReadLicenseInfo                                                                                                                                                :        1 samples, Peak.  12.2 ms (1.0x), Avg.  12.2 ms, Total. 12.23 ms (0.1%)
[Performance] Application.InitialRefresh                                                                                                                                                 :        1 samples, Peak.  10.0 s (1.0x), Avg.  10.0 s, Total. 10.05 s (47.7%)
[Performance] Compiling Scripts                                                                                                                                                          :        1 samples, Peak.  1.70 s (1.0x), Avg.  1.70 s, Total. 1.696 s (8.0%)
[Performance] AssemblyReloadEvents.beforeAssemblyReload: UnityEditor.SceneTemplate.SceneTemplateService.BeforeAssemblyReload                                                             :        1 samples, Peak.  3.35 ms (1.0x), Avg.  3.35 ms, Total. 3.353 ms (0.0%)
[Performance] InitializeOnLoad TouchSimulation                                                                                                                                           :        1 samples, Peak.   303 us (1.0x), Avg.   303 us, Total. 303.4 us (0.0%)
[Performance] InitializeOnLoad InputSystem                                                                                                                                               :        1 samples, Peak.  84.3 ms (1.0x), Avg.  84.3 ms, Total. 84.33 ms (0.4%)
[Performance] InitializeOnLoad BurstLoader                                                                                                                                               :        1 samples, Peak.  3.26 s (1.0x), Avg.  3.26 s, Total. 3.260 s (15.5%)
[Performance] InitializeOnLoad ShadowCasterGroup2DManager                                                                                                                                :        1 samples, Peak.   210 us (1.0x), Avg.   210 us, Total. 210.0 us (0.0%)
[Performance] InitializeOnLoad OnDomainReload                                                                                                                                            :        1 samples, Peak.  1.46 ms (1.0x), Avg.  1.46 ms, Total. 1.465 ms (0.0%)
[Performance] InitializeOnLoad EditorInitialize                                                                                                                                          :        4 samples, Peak.  34.6 ms (2.9x), Avg.  12.1 ms, Total. 48.51 ms (0.2%)
[Performance] InitializeOnLoad CanvasesAndTheirOwners                                                                                                                                    :        1 samples, Peak.   375 us (1.0x), Avg.   375 us, Total. 375.3 us (0.0%)
[Performance] InitializeOnLoad FilterWindow                                                                                                                                              :        1 samples, Peak.   210 us (1.0x), Avg.   210 us, Total. 210.4 us (0.0%)
[Performance] InitializeOnLoad RealtimeProbeSubdivisionDebug                                                                                                                             :        1 samples, Peak.   178 us (1.0x), Avg.   178 us, Total. 178.4 us (0.0%)
[Performance] InitializeOnLoad ProbeGIBaking                                                                                                                                             :        1 samples, Peak.  10.8 ms (1.0x), Avg.  10.8 ms, Total. 10.79 ms (0.1%)
[Performance] InitializeOnLoad CinemachineStoryboardMute                                                                                                                                 :        1 samples, Peak.   195 us (1.0x), Avg.   195 us, Total. 195.3 us (0.0%)
[Performance] InitializeOnLoad SaveDuringPlay                                                                                                                                            :        1 samples, Peak.   151 us (1.0x), Avg.   151 us, Total. 150.7 us (0.0%)
[Performance] InitializeOnLoad CreatePipelineWithUndo                                                                                                                                    :        1 samples, Peak.   314 us (1.0x), Avg.   314 us, Total. 314.3 us (0.0%)
[Performance] InitializeOnLoad CinemachineScreenComposerGuidesGlobalDraggable                                                                                                            :        1 samples, Peak.   213 us (1.0x), Avg.   213 us, Total. 213.2 us (0.0%)
[Performance] InitializeOnLoad CollectGizmoDrawers                                                                                                                                       :        1 samples, Peak.  18.4 ms (1.0x), Avg.  18.4 ms, Total. 18.43 ms (0.1%)
[Performance] InitializeOnLoad CreateRigWithUndo                                                                                                                                         :        1 samples, Peak.   368 us (1.0x), Avg.   368 us, Total. 368.3 us (0.0%)
[Performance] InitializeOnLoad CinemachineEditorAnalytics                                                                                                                                :        1 samples, Peak.   122 us (1.0x), Avg.   122 us, Total. 121.7 us (0.0%)
[Performance] InitializeOnLoad CinemachineColliderPrefs                                                                                                                                  :        1 samples, Peak.  1.23 ms (1.0x), Avg.  1.23 ms, Total. 1.228 ms (0.0%)
[Performance] InitializeOnLoad SyncCacheEnabledSetting                                                                                                                                   :        1 samples, Peak.  1.87 ms (1.0x), Avg.  1.87 ms, Total. 1.871 ms (0.0%)
[Performance] InitializeOnLoad AdaptivePerformanceGeneralSettingsPerBuildTarget                                                                                                          :        1 samples, Peak.   273 us (1.0x), Avg.   273 us, Total. 273.0 us (0.0%)
[Performance] InitializeOnLoad AdaptivePerformancePackageMetadataStore                                                                                                                   :        1 samples, Peak.  6.94 ms (1.0x), Avg.  6.94 ms, Total. 6.936 ms (0.0%)
[Performance] InitializeOnLoad AdaptivePerformancePackageInitializationBootstrap                                                                                                         :        1 samples, Peak.   198 us (1.0x), Avg.   198 us, Total. 198.2 us (0.0%)
[Performance] InitializeOnLoad BackgroundWatcher                                                                                                                                         :        1 samples, Peak.   327 us (1.0x), Avg.   327 us, Total. 327.2 us (0.0%)
[Performance] InitializeOnLoad UnityTestProtocolStarter                                                                                                                                  :        1 samples, Peak.   367 us (1.0x), Avg.   367 us, Total. 367.0 us (0.0%)
[Performance] InitializeOnLoad TestStarter                                                                                                                                               :        1 samples, Peak.  1.38 ms (1.0x), Avg.  1.38 ms, Total. 1.381 ms (0.0%)
[Performance] InitializeOnLoad RerunCallbackInitializer                                                                                                                                  :        1 samples, Peak.  9.22 ms (1.0x), Avg.  9.22 ms, Total. 9.224 ms (0.0%)
[Performance] InitializeOnLoad RiderScriptEditor                                                                                                                                         :        1 samples, Peak.  23.1 ms (1.0x), Avg.  23.1 ms, Total. 23.09 ms (0.1%)
[Performance] InitializeOnLoad CallbackInitializer                                                                                                                                       :        1 samples, Peak.  3.54 ms (1.0x), Avg.  3.54 ms, Total. 3.540 ms (0.0%)
[Performance] InitializeOnLoad SpriteEditorWindow                                                                                                                                        :        1 samples, Peak.  2.09 ms (1.0x), Avg.  2.09 ms, Total. 2.086 ms (0.0%)
[Performance] InitializeOnLoad NodeClassCache                                                                                                                                            :        1 samples, Peak.  14.1 us (1.0x), Avg.  14.1 us, Total. 14.09 us (0.0%)
[Performance] InitializeOnLoad ShaderGraphMaterialsUpdater                                                                                                                               :        2 samples, Peak.   615 us (1.7x), Avg.   358 us, Total. 716.3 us (0.0%)
[Performance] InitializeOnLoad EditorToolManager                                                                                                                                         :        1 samples, Peak.  9.79 ms (1.0x), Avg.  9.79 ms, Total. 9.790 ms (0.0%)
[Performance] InitializeOnLoad RendererDataPatcher                                                                                                                                       :        1 samples, Peak.   111 ms (1.0x), Avg.   111 ms, Total. 111.3 ms (0.5%)
[Performance] InitializeOnLoad Renderer2DAnalytics                                                                                                                                       :        1 samples, Peak.   137 us (1.0x), Avg.   137 us, Total. 136.8 us (0.0%)
[Performance] InitializeOnLoad PlasticPlugin                                                                                                                                             :        1 samples, Peak.   217 ms (1.0x), Avg.   217 ms, Total. 216.6 ms (1.0%)
[Performance] InitializeOnLoad VSUsageUtility                                                                                                                                            :        1 samples, Peak.  17.0 ms (1.0x), Avg.  17.0 ms, Total. 17.05 ms (0.1%)
[Performance] InitializeOnLoad ToolbarBootstrap                                                                                                                                          :        1 samples, Peak.   343 ms (1.0x), Avg.   343 ms, Total. 342.5 ms (1.6%)
[Performance] Package.AsyncRequest                                                                                                                                                       :        4 samples, Peak.   676 us (4.0x), Avg.   171 us, Total. 683.2 us (0.0%)
[Performance] InitializeOnLoad VisualStudioEditor                                                                                                                                        :        1 samples, Peak.  10.8 ms (1.0x), Avg.  10.8 ms, Total. 10.77 ms (0.1%)
[Performance] InitializeOnLoad VisualStudioIntegration                                                                                                                                   :        1 samples, Peak.  10.4 ms (1.0x), Avg.  10.4 ms, Total. 10.40 ms (0.0%)
[Performance] InitializeOnLoad TestRunnerApiListener                                                                                                                                     :        1 samples, Peak.   550 us (1.0x), Avg.   550 us, Total. 549.9 us (0.0%)
[Performance] InitializeOnLoad PrefabLayoutRebuilder                                                                                                                                     :        1 samples, Peak.   982 us (1.0x), Avg.   982 us, Total. 981.5 us (0.0%)
[Performance] InitializeOnLoad AdaptivePerformanceAnalytics.SetupAndRegister                                                                                                             :        1 samples, Peak.   695 us (1.0x), Avg.   695 us, Total. 695.1 us (0.0%)
[Performance] InitializeOnLoad SysrootPackage.IssueWarningIfLinuxIL2CPPNotPresent                                                                                                        :        1 samples, Peak.   181 us (1.0x), Avg.   181 us, Total. 181.0 us (0.0%)
[Performance] InitializeOnLoad VisualStudioEditor.LegacyVisualStudioCodePackageDisabler                                                                                                  :        1 samples, Peak.  3.21 ms (1.0x), Avg.  3.21 ms, Total. 3.206 ms (0.0%)
[Performance] InitializeOnLoad MaterialReimporter.RegisterUpgraderReimport                                                                                                               :        2 samples, Peak.   282 us (1.6x), Avg.   178 us, Total. 355.7 us (0.0%)
[Performance] InitializeOnLoad TestJobDataHolder.ResumeRunningJobs                                                                                                                       :        1 samples, Peak.  3.17 ms (1.0x), Avg.  3.17 ms, Total. 3.165 ms (0.0%)
[Performance] InitializeOnLoad AnalyticsReporter.RegisterCallbacks                                                                                                                       :        1 samples, Peak.  2.00 ms (1.0x), Avg.  2.00 ms, Total. 2.003 ms (0.0%)
[Performance] InitializeOnLoad DebugManagerWindowLifetimeAnalytic.SubscribeToDebugManagerOpenCloseWindows                                                                                :        1 samples, Peak.  1.32 ms (1.0x), Avg.  1.32 ms, Total. 1.322 ms (0.0%)
[Performance] InitializeOnLoad VolumeGizmoDrawer.InitVolumeGizmoCallbacks                                                                                                                :        1 samples, Peak.   642 us (1.0x), Avg.   642 us, Total. 641.7 us (0.0%)
[Performance] InitializeOnLoad CoreRenderPipelinePreferences.InitPreferenceProviders                                                                                                     :        1 samples, Peak.  49.3 ms (1.0x), Avg.  49.3 ms, Total. 49.28 ms (0.2%)
[Performance] DidReloadScriptsCinemachineExtension.OnScriptReload                                                                                                                        :        1 samples, Peak.   623 us (1.0x), Avg.   623 us, Total. 622.9 us (0.0%)
[Performance] DidReloadScriptsCinemachineVirtualCameraBase.OnScriptReload                                                                                                                :        1 samples, Peak.   128 us (1.0x), Avg.   128 us, Total. 128.0 us (0.0%)
[Performance] DidReloadScriptsAdvancedDropdownWindow.OnScriptReload                                                                                                                      :        2 samples, Peak.  2.55 ms (1.8x), Avg.  1.42 ms, Total. 2.847 ms (0.0%)
[Performance] DidReloadScriptsTestRunnerWindow.CompilationCallback                                                                                                                       :        1 samples, Peak.  2.37 ms (1.0x), Avg.  2.37 ms, Total. 2.374 ms (0.0%)
[Performance] DidReloadScriptsTestListCache.ScriptReloaded                                                                                                                               :        1 samples, Peak.  2.84 ms (1.0x), Avg.  2.84 ms, Total. 2.836 ms (0.0%)
[Performance] DidReloadScriptsLookDev.OnEditorReload                                                                                                                                     :        1 samples, Peak.   310 us (1.0x), Avg.   310 us, Total. 309.9 us (0.0%)
[Performance] DidReloadScriptsVolumeComponentEditor.OnEditorReload                                                                                                                       :        1 samples, Peak.  26.4 ms (1.0x), Avg.  26.4 ms, Total. 26.40 ms (0.1%)
[Performance] DidReloadScriptsDebugWindow.OnEditorReload                                                                                                                                 :        1 samples, Peak.  10.2 ms (1.0x), Avg.  10.2 ms, Total. 10.19 ms (0.0%)
[Performance] AssemblyReloadEvents.afterAssemblyReload: UnityEditor.AdaptivePerformance.Editor.Metadata.AdaptivePerformancePackageMetadataStore.AssemblyReloadEvents_afterAssemblyReload :        1 samples, Peak.  10.1 ms (1.0x), Avg.  10.1 ms, Total. 10.06 ms (0.0%)
[Performance] CinemachineSettings.OnPostprocessAllAssets                                                                                                                                 :        2 samples, Peak.  1.20 ms (1.6x), Avg.   768 us, Total. 1.536 ms (0.0%)
[Performance] SyncVS.PostprocessSyncProject                                                                                                                                              :        1 samples, Peak.  1.57 ms (1.0x), Avg.  1.57 ms, Total. 1.575 ms (0.0%)
[Performance] Application.ImportPackagesAndSetTemplateWhenCreatingProject                                                                                                                :        1 samples, Peak.  20.5 ms (1.0x), Avg.  20.5 ms, Total. 20.45 ms (0.1%)
[Performance] Application.SyncCurrentColorSpace                                                                                                                                          :        1 samples, Peak.   272 ms (1.0x), Avg.   272 ms, Total. 272.0 ms (1.3%)
[Performance] Application.OnUsbDevicesChanged                                                                                                                                            :        1 samples, Peak.   181 us (1.0x), Avg.   181 us, Total. 181.0 us (0.0%)
[Performance] Application.AssetInstanceCacheUpdate                                                                                                                                       :        1 samples, Peak.   371 ns (1.0x), Avg.   371 ns, Total. 371.0 ns (0.0%)
[Performance] Application.UnityExtensions.Initialize                                                                                                                                     :        1 samples, Peak.  9.28 ms (1.0x), Avg.  9.28 ms, Total. 9.277 ms (0.0%)
[Performance] CodeEditorProjectSync.SyncEditorProject                                                                                                                                    :        1 samples, Peak.  1.61 ms (1.0x), Avg.  1.61 ms, Total. 1.612 ms (0.0%)
[Performance] Application.ExecuteStartups                                                                                                                                                :        1 samples, Peak.  77.1 ms (1.0x), Avg.  77.1 ms, Total. 77.14 ms (0.4%)
[Performance] Menu.RegisterMenuInterface                                                                                                                                                 :       26 samples, Peak.  1.18 us (4.8x), Avg.   247 ns, Total. 6.432 us (0.0%)
[Performance] Gizmo.RebuildRenderers                                                                                                                                                     :        1 samples, Peak.  74.7 ms (1.0x), Avg.  74.7 ms, Total. 74.67 ms (0.4%)
[Performance] Gizmo.AddGizmoRenderers                                                                                                                                                    :       94 samples, Peak.  3.35 ms (35.8x), Avg.  93.6 us, Total. 8.799 ms (0.0%)
[Performance] Application.editorInitializingProject                                                                                                                                      :        1 samples, Peak.  17.3 ms (1.0x), Avg.  17.3 ms, Total. 17.33 ms (0.1%)
[Performance] Application.InitializeMenu                                                                                                                                                 :        1 samples, Peak.   194 ms (1.0x), Avg.   194 ms, Total. 193.6 ms (0.9%)
[Performance] Menu.RebuildAll                                                                                                                                                            :        1 samples, Peak.   194 ms (1.0x), Avg.   194 ms, Total. 193.6 ms (0.9%)
[Performance] Menu.BuildRegisteredMenuInterfaces                                                                                                                                         :        1 samples, Peak.   190 ms (1.0x), Avg.   190 ms, Total. 190.3 ms (0.9%)
[Performance] Menu.FilterMenuItem                                                                                                                                                        :      774 samples, Peak.  95.4 ms (767.2x), Avg.   124 us, Total. 96.24 ms (0.5%)
[Performance] UpdateAllMenus                                                                                                                                                             :        1 samples, Peak.  2.47 ms (1.0x), Avg.  2.47 ms, Total. 2.466 ms (0.0%)
[Performance] EditorSceneManager.sceneClosing: UnityEditor.SceneVisibilityManager.EditorSceneManagerOnSceneClosing                                                                       :        1 samples, Peak.  1.02 ms (1.0x), Avg.  1.02 ms, Total. 1.022 ms (0.0%)
[Performance] GUIView.RepaintAll.PlayerLoopController                                                                                                                                    :        1 samples, Peak.   531 ns (1.0x), Avg.   531 ns, Total. 531.0 ns (0.0%)
[Performance] EditorSceneManager.newSceneCreated: UnityEditor.SceneTemplate.SceneTemplateService.OnNewSceneCreated                                                                       :        1 samples, Peak.  1.88 ms (1.0x), Avg.  1.88 ms, Total. 1.885 ms (0.0%)
[Performance] EditorSceneManager.newSceneCreated: UnityEditor.SceneVisibilityManager.EditorSceneManagerOnNewSceneCreated                                                                 :        1 samples, Peak.  1.07 ms (1.0x), Avg.  1.07 ms, Total. 1.066 ms (0.0%)
[Performance] EditorSceneManager.newSceneCreated: UnityEditor.SceneManagement.StageNavigationManager.OnNewSceneCreated                                                                   :        1 samples, Peak.   839 us (1.0x), Avg.   839 us, Total. 838.6 us (0.0%)
[Performance] Application.InvokeFinishedLoadingProject                                                                                                                                   :        1 samples, Peak.  22.8 ms (1.0x), Avg.  22.8 ms, Total. 22.82 ms (0.1%)
[Performance] ProcessService.OnProjectLoaded                                                                                                                                             :        1 samples, Peak.  92.9 us (1.0x), Avg.  92.9 us, Total. 92.86 us (0.0%)
[Performance] VersionControl.Task.Wait                                                                                                                                                   :        1 samples, Peak.  6.09 us (1.0x), Avg.  6.09 us, Total. 6.091 us (0.0%)
[Performance] EditorApplication.quitting: Unity.Burst.Editor.BurstLoader.OnEditorApplicationQuitting                                                                                     :        1 samples, Peak.  95.4 us (1.0x), Avg.  95.4 us, Total. 95.36 us (0.0%)
[Performance] EditorApplication.quitting: callback in UnityEditor.TextCore.Text.EditorEventCallbacks                                                                                     :        1 samples, Peak.  16.7 ms (1.0x), Avg.  16.7 ms, Total. 16.68 ms (0.1%)
[Performance] Application.Shutdown.PauseProfilerSession                                                                                                                                  :        1 samples, Peak.  26.1 us (1.0x), Avg.  26.1 us, Total. 26.11 us (0.0%)
[Performance] Application.Shutdown.PauseAssetImportWorkers                                                                                                                               :        1 samples, Peak.   425 us (1.0x), Avg.   425 us, Total. 424.8 us (0.0%)
[Performance] Application.Shutdown.SaveAssets                                                                                                                                            :        1 samples, Peak.  16.8 ms (1.0x), Avg.  16.8 ms, Total. 16.76 ms (0.1%)
[Performance] StateMacroSavedEvent.OnWillSaveAssets                                                                                                                                      :        1 samples, Peak.   244 us (1.0x), Avg.   244 us, Total. 244.5 us (0.0%)
[Performance] FlowMacroSavedEvent.OnWillSaveAssets                                                                                                                                       :        1 samples, Peak.   250 us (1.0x), Avg.   250 us, Total. 250.4 us (0.0%)
[Performance] AssetModificationProcessor.OnWillSaveAssets                                                                                                                                :        1 samples, Peak.   349 us (1.0x), Avg.   349 us, Total. 349.0 us (0.0%)
[Performance] BuilderAssetModificationProcessor.OnWillSaveAssets                                                                                                                         :        1 samples, Peak.  1.54 ms (1.0x), Avg.  1.54 ms, Total. 1.545 ms (0.0%)
[Performance] TerrainModificationProcessor.OnWillSaveAssets                                                                                                                              :        1 samples, Peak.  3.09 ms (1.0x), Avg.  3.09 ms, Total. 3.087 ms (0.0%)
[Performance] AssetDatabase.ImportAssets                                                                                                                                                 :        2 samples, Peak.   531 ns (1.7x), Avg.   306 ns, Total. 611.0 ns (0.0%)
[Performance] Application.Shutdown.CleanupRenderPipeline                                                                                                                                 :        1 samples, Peak.  4.65 us (1.0x), Avg.  4.65 us, Total. 4.648 us (0.0%)
[Performance] Application.Shutdown.StopPreloadManager                                                                                                                                    :        1 samples, Peak.  10.1 ms (1.0x), Avg.  10.1 ms, Total. 10.08 ms (0.0%)
[Performance] Application.Shutdown.DestroyWorld                                                                                                                                          :        1 samples, Peak.   111 ms (1.0x), Avg.   111 ms, Total. 110.7 ms (0.5%)
[Performance] Application.Shutdown.CleanupAfterLoad                                                                                                                                      :        1 samples, Peak.   120 ms (1.0x), Avg.   120 ms, Total. 119.9 ms (0.6%)
[Performance] Application.Shutdown.Progress                                                                                                                                              :        1 samples, Peak.  13.2 us (1.0x), Avg.  13.2 us, Total. 13.18 us (0.0%)
[Performance] Application.Shutdown.GICleanupManagers                                                                                                                                     :        1 samples, Peak.   694 us (1.0x), Avg.   694 us, Total. 693.8 us (0.0%)
[Performance] Application.Shutdown.MenuCleanupClass                                                                                                                                      :        1 samples, Peak.   164 us (1.0x), Avg.   164 us, Total. 164.2 us (0.0%)
[Performance] Application.Shutdown.ADBSaveStateBeforeShutdown                                                                                                                            :        1 samples, Peak.  8.98 us (1.0x), Avg.  8.98 us, Total. 8.977 us (0.0%)
[Performance] Application.Shutdown.RemoteShutdown                                                                                                                                        :        1 samples, Peak.   672 ns (1.0x), Avg.   672 ns, Total. 672.0 ns (0.0%)
[Performance] Application.Shutdown.CleanupVCProvider                                                                                                                                     :        1 samples, Peak.  5.58 us (1.0x), Avg.  5.58 us, Total. 5.580 us (0.0%)
[Performance] Application.Shutdown.InputShutdown                                                                                                                                         :        1 samples, Peak.  1.52 us (1.0x), Avg.  1.52 us, Total. 1.523 us (0.0%)
[Performance] Application.Shutdown.GizmoManagerDestroy                                                                                                                                   :        1 samples, Peak.   632 us (1.0x), Avg.   632 us, Total. 632.0 us (0.0%)
[Performance] Application.Shutdown.ProfilerSession                                                                                                                                       :        1 samples, Peak.  1.55 ms (1.0x), Avg.  1.55 ms, Total. 1.553 ms (0.0%)
[Performance] Application.Shutdown.ReleaseGfxWindowOnAllGUIViews                                                                                                                         :        1 samples, Peak.   821 ns (1.0x), Avg.   821 ns, Total. 821.0 ns (0.0%)
[Performance] Application.Shutdown.CleanupEngine                                                                                                                                         :        1 samples, Peak.  86.4 ms (1.0x), Avg.  86.4 ms, Total. 86.44 ms (0.4%)
[Performance] Application.Shutdown.CleanupAssetDatabase                                                                                                                                  :        1 samples, Peak.  8.35 ms (1.0x), Avg.  8.35 ms, Total. 8.345 ms (0.0%)
[Performance] Application.Shutdown.ScriptCompilationCleanUp                                                                                                                              :        1 samples, Peak.  4.81 s (1.0x), Avg.  4.81 s, Total. 4.807 s (22.8%)
[Performance] Application.Shutdown.DestroyJobSystem                                                                                                                                      :        1 samples, Peak.   181 us (1.0x), Avg.   181 us, Total. 180.7 us (0.0%)
[Performance] Application.Shutdown.CleanupPersistentManager                                                                                                                              :        1 samples, Peak.  2.01 ms (1.0x), Avg.  2.01 ms, Total. 2.007 ms (0.0%)
[Performance] Application.Shutdown.CleanupAsyncReadManager                                                                                                                               :        1 samples, Peak.   144 us (1.0x), Avg.   144 us, Total. 143.6 us (0.0%)
[Performance] Application.Shutdown.CleanupMono                                                                                                                                           :        1 samples, Peak.   105 ms (1.0x), Avg.   105 ms, Total. 105.4 ms (0.5%)
[Performance] Application.Shutdown.CleanupStdConverters                                                                                                                                  :        1 samples, Peak.  10.3 us (1.0x), Avg.  10.3 us, Total. 10.30 us (0.0%)
[Performance] Application.Shutdown.UnloadAllPlatformSupportModuleNativeDlls                                                                                                              :        1 samples, Peak.  2.27 us (1.0x), Avg.  2.27 us, Total. 2.274 us (0.0%)
[Performance] Application.Shutdown.UnloadAllPlatformSupportNativeLibraries                                                                                                               :        1 samples, Peak.   250 ns (1.0x), Avg.   250 ns, Total. 250.0 ns (0.0%)
[Performance] Application.Shutdown.CleanupAutoDocumentation                                                                                                                              :        1 samples, Peak.   215 us (1.0x), Avg.   215 us, Total. 215.1 us (0.0%)
[Performance] Application.Shutdown.ShaderNameManagerDestroy                                                                                                                              :        1 samples, Peak.  43.2 us (1.0x), Avg.  43.2 us, Total. 43.17 us (0.0%)
[Performance] Application.Shutdown.CleanupCacheServer                                                                                                                                    :        1 samples, Peak.   281 ns (1.0x), Avg.   281 ns, Total. 281.0 ns (0.0%)
[Performance] Application.Shutdown.Virtualization_Shutdown                                                                                                                               :        1 samples, Peak.   390 ns (1.0x), Avg.   390 ns, Total. 390.0 ns (0.0%)
[Performance] Application.Shutdown.DevConnections                                                                                                                                        :        1 samples, Peak.  45.2 us (1.0x), Avg.  45.2 us, Total. 45.16 us (0.0%)
Exiting batchmode successfully now!
Thread: ID 140188976305088, CleanupSafetyData: safetyData 7f7fe0188e30
Thread: ID 140188976305088, CleanupSafetyData: safetyData 7f7fe018bbf0
Thread: ID 140188976305088, CleanupSafetyData: safetyData 7f7fe12d1fa0
[Package Manager] Server::Kill -- Server was shutdown
Checking for leaked weakptr:
  Found no leaked weakptrs.
Memory Statistics:
[ALLOC_TEMP_TLS] TLS Allocator
  StackAllocators : 
    [ALLOC_TEMP_CurlRequest]
      Initial Block Size 64.0 KB
      Current Block Size 64.0 KB
      Peak Allocated Bytes 0 B
      Overflow Count 0
    [ALLOC_TEMP_MAIN]
      Initial Block Size 16.0 MB
      Current Block Size 41.9 MB
      Peak Allocated Bytes 41.9 MB
      Overflow Count 0
    [ALLOC_TEMP_Background Job.worker 3]
      Initial Block Size 32.0 KB
      Current Block Size 32.0 KB
      Peak Allocated Bytes 0 B
      Overflow Count 0
    [ALLOC_TEMP_Background Job.worker 6]
      Initial Block Size 32.0 KB
      Current Block Size 32.0 KB
      Peak Allocated Bytes 0 B
      Overflow Count 0
    [ALLOC_TEMP_AUDIO_ALSA Mixer]
      Initial Block Size 64.0 KB
      Current Block Size 64.0 KB
      Peak Allocated Bytes 0 B
      Overflow Count 0
    [ALLOC_TEMP_Background Job.worker 2]
      Initial Block Size 32.0 KB
      Current Block Size 204.0 KB
      Peak Allocated Bytes 203.7 KB
      Overflow Count 0
    [ALLOC_TEMP_Background Job.worker 8]
      Initial Block Size 32.0 KB
      Current Block Size 32.0 KB
      Peak Allocated Bytes 0 B
      Overflow Count 0
    [ALLOC_TEMP_BakingJobs.worker 0]
      Initial Block Size 256.0 KB
      Current Block Size 256.0 KB
      Peak Allocated Bytes 0 B
      Overflow Count 0
    [ALLOC_TEMP_AssetDatabase.FileHasherReader] x 4
      Initial Block Size 64.0 KB
      Current Block Size 64.0 KB
      Peak Allocated Bytes 31 B
      Overflow Count 0
    [ALLOC_TEMP_Background Job.worker 15]
      Initial Block Size 32.0 KB
      Current Block Size 32.0 KB
      Peak Allocated Bytes 0 B
      Overflow Count 0
    [ALLOC_TEMP_Background Job.worker 0]
      Initial Block Size 32.0 KB
      Current Block Size 32.0 KB
      Peak Allocated Bytes 0 B
      Overflow Count 0
    [ALLOC_TEMP_BakingJobs.worker 1]
      Initial Block Size 256.0 KB
      Current Block Size 256.0 KB
      Peak Allocated Bytes 0 B
      Overflow Count 0
    [ALLOC_TEMP_BatchDeleteObjects]
      Initial Block Size 64.0 KB
      Current Block Size 64.0 KB
      Peak Allocated Bytes 0 B
      Overflow Count 0
    [ALLOC_TEMP_AUDIO_FMOD stream thread]
      Initial Block Size 64.0 KB
      Current Block Size 64.0 KB
      Peak Allocated Bytes 0 B
      Overflow Count 0
    [ALLOC_TEMP_CoreBusinessMetricsCache]
      Initial Block Size 64.0 KB
      Current Block Size 64.0 KB
      Peak Allocated Bytes 8.0 KB
      Overflow Count 0
    [ALLOC_TEMP_REST Message Handler]
      Initial Block Size 64.0 KB
      Current Block Size 64.0 KB
      Peak Allocated Bytes 0 B
      Overflow Count 0
    [ALLOC_TEMP_AssetDatabase.FileHasherHasher] x 4
      Initial Block Size 64.0 KB
      Current Block Size 64.0 KB
      Peak Allocated Bytes 31 B
      Overflow Count 0
    [ALLOC_TEMP_Background Job.worker 1]
      Initial Block Size 32.0 KB
      Current Block Size 256.0 KB
      Peak Allocated Bytes 139.7 KB
      Overflow Count 7613
    [ALLOC_TEMP_BakingJobs.worker 3]
      Initial Block Size 256.0 KB
      Current Block Size 256.0 KB
      Peak Allocated Bytes 0 B
      Overflow Count 0
    [ALLOC_TEMP_Job.worker 1]
      Initial Block Size 256.0 KB
      Current Block Size 256.0 KB
      Peak Allocated Bytes 19.4 KB
      Overflow Count 1
    [ALLOC_TEMP_Background Job.worker 5]
      Initial Block Size 32.0 KB
      Current Block Size 32.0 KB
      Peak Allocated Bytes 0 B
      Overflow Count 0
    [ALLOC_TEMP_BakingJobs.worker 2]
      Initial Block Size 256.0 KB
      Current Block Size 256.0 KB
      Peak Allocated Bytes 0 B
      Overflow Count 0
    [ALLOC_TEMP_AssetDatabase.IOService]
      Initial Block Size 64.0 KB
      Current Block Size 64.0 KB
      Peak Allocated Bytes 0 B
      Overflow Count 0
    [ALLOC_TEMP_Loading.PreloadManager]
      Initial Block Size 32.0 MB
      Current Block Size 32.0 MB
      Peak Allocated Bytes 0 B
      Overflow Count 0
    [ALLOC_TEMP_Background Job.worker 4]
      Initial Block Size 32.0 KB
      Current Block Size 32.0 KB
      Peak Allocated Bytes 0 B
      Overflow Count 0
    [ALLOC_TEMP_Background Job.worker 7]
      Initial Block Size 32.0 KB
      Current Block Size 32.0 KB
      Peak Allocated Bytes 0 B
      Overflow Count 0
    [ALLOC_TEMP_CloudJob.worker 0]
      Initial Block Size 32.0 KB
      Current Block Size 32.0 KB
      Peak Allocated Bytes 229 B
      Overflow Count 0
    [ALLOC_TEMP_Background Job.worker 10]
      Initial Block Size 32.0 KB
      Current Block Size 32.0 KB
      Peak Allocated Bytes 0 B
      Overflow Count 0
    [ALLOC_TEMP_Background Job.worker 12]
      Initial Block Size 32.0 KB
      Current Block Size 32.0 KB
      Peak Allocated Bytes 0 B
      Overflow Count 0
    [ALLOC_TEMP_Background Job.worker 11]
      Initial Block Size 32.0 KB
      Current Block Size 32.0 KB
      Peak Allocated Bytes 0 B
      Overflow Count 0
    [ALLOC_TEMP_HTTP REST Server]
      Initial Block Size 64.0 KB
      Current Block Size 64.0 KB
      Peak Allocated Bytes 66 B
      Overflow Count 0
    [ALLOC_TEMP_Background Job.worker 13]
      Initial Block Size 32.0 KB
      Current Block Size 32.0 KB
      Peak Allocated Bytes 0 B
      Overflow Count 0
    [ALLOC_TEMP_AssetGarbageCollectorHelper] x 3
      Initial Block Size 64.0 KB
      Current Block Size 64.0 KB
      Peak Allocated Bytes 0 B
      Overflow Count 0
    [ALLOC_TEMP_EditorTaskManager]
      Initial Block Size 64.0 KB
      Current Block Size 68.0 KB
      Peak Allocated Bytes 64.0 KB
      Overflow Count 0
    [ALLOC_TEMP_Profiler.Dispatcher]
      Initial Block Size 64.0 KB
      Current Block Size 64.0 KB
      Peak Allocated Bytes 0 B
      Overflow Count 0
    [ALLOC_TEMP_Background Job.worker 14]
      Initial Block Size 32.0 KB
      Current Block Size 32.0 KB
      Peak Allocated Bytes 0 B
      Overflow Count 0
    [ALLOC_TEMP_Job.worker 0]
      Initial Block Size 256.0 KB
      Current Block Size 256.0 KB
      Peak Allocated Bytes 21.4 KB
      Overflow Count 0
    [ALLOC_TEMP_Background Job.worker 9]
      Initial Block Size 32.0 KB
      Current Block Size 32.0 KB
      Peak Allocated Bytes 0 B
      Overflow Count 0
    [ALLOC_TEMP_Job.worker 2]
      Initial Block Size 256.0 KB
      Current Block Size 256.0 KB
      Peak Allocated Bytes 15.5 KB
      Overflow Count 0
    [ALLOC_TEMP_Loading.AsyncRead]
      Initial Block Size 64.0 KB
      Current Block Size 64.0 KB
      Peak Allocated Bytes 128 B
      Overflow Count 0
[ALLOC_MEMORYPROFILER]
  Requested Block Size 1.0 MB
  Peak Block count 2
  Peak Allocated memory 1.0 MB
  Peak Large allocation bytes 0 B
[ALLOC_DEFAULT] Dual Thread Allocator
  Peak main deferred allocation count 53
    [ALLOC_BUCKET]
      Large Block size 32.0 MB
      Used Block count 1
      Peak Allocated bytes 10.0 MB
    [ALLOC_DEFAULT_MAIN]
      Requested Block Size 16.0 MB
      Peak Block count 7
      Peak Allocated memory 97.8 MB
      Peak Large allocation bytes 0 B
    [ALLOC_DEFAULT_THREAD]
      Requested Block Size 16.0 MB
      Peak Block count 1
      Peak Allocated memory 11.5 MB
      Peak Large allocation bytes 0 B
[ALLOC_TEMP_JOB_1_FRAME]
  Initial Block Size 2.0 MB
  Used Block Count 0
  Overflow Count (too large) 0
  Overflow Count (full) 0
[ALLOC_TEMP_JOB_2_FRAMES]
  Initial Block Size 2.0 MB
  Used Block Count 0
  Overflow Count (too large) 0
  Overflow Count (full) 0
[ALLOC_TEMP_JOB_4_FRAMES (JobTemp)]
  Initial Block Size 2.0 MB
  Used Block Count 1
  Overflow Count (too large) 0
  Overflow Count (full) 0
[ALLOC_TEMP_JOB_ASYNC (Background)]
  Initial Block Size 1.0 MB
  Used Block Count 1
  Overflow Count (too large) 1
  Overflow Count (full) 0
[ALLOC_GFX] Dual Thread Allocator
  Peak main deferred allocation count 0
    [ALLOC_BUCKET]
      Large Block size 32.0 MB
      Used Block count 1
      Peak Allocated bytes 10.0 MB
    [ALLOC_GFX_MAIN]
      Requested Block Size 16.0 MB
      Peak Block count 1
      Peak Allocated memory 9.2 MB
      Peak Large allocation bytes 0 B
    [ALLOC_GFX_THREAD]
      Requested Block Size 16.0 MB
      Peak Block count 0
      Peak Allocated memory 0 B
      Peak Large allocation bytes 0 B
[ALLOC_CACHEOBJECTS] Dual Thread Allocator
  Peak main deferred allocation count 287
    [ALLOC_BUCKET]
      Large Block size 32.0 MB
      Used Block count 1
      Peak Allocated bytes 10.0 MB
    [ALLOC_CACHEOBJECTS_MAIN]
      Requested Block Size 4.0 MB
      Peak Block count 19
      Peak Allocated memory 68.0 MB
      Peak Large allocation bytes 14.4 MB
    [ALLOC_CACHEOBJECTS_THREAD]
      Requested Block Size 4.0 MB
      Peak Block count 0
      Peak Allocated memory 0 B
      Peak Large allocation bytes 0 B
[ALLOC_TYPETREE] Dual Thread Allocator
  Peak main deferred allocation count 524
    [ALLOC_BUCKET]
      Large Block size 32.0 MB
      Used Block count 1
      Peak Allocated bytes 10.0 MB
    [ALLOC_TYPETREE_MAIN]
      Requested Block Size 2.0 MB
      Peak Block count 15
      Peak Allocated memory 26.2 MB
      Peak Large allocation bytes 0 B
    [ALLOC_TYPETREE_THREAD]
      Requested Block Size 2.0 MB
      Peak Block count 0
      Peak Allocated memory 0 B
      Peak Large allocation bytes 0 B
[ALLOC_PROFILER]
  Requested Block Size 16.0 MB
  Peak Block count 1
  Peak Allocated memory 462.8 KB
  Peak Large allocation bytes 0 B
    [ALLOC_PROFILER_BUCKET]
      Large Block size 32.0 MB
      Used Block count 1
      Peak Allocated bytes 7.1 KB
[ALLOC_PROFILER_EDITOR]
  Requested Block Size 1.0 MB
  Peak Block count 0
  Peak Allocated memory 0 B
  Peak Large allocation bytes 0 B
    [ALLOC_PROFILER_BUCKET]
      Large Block size 32.0 MB
      Used Block count 1
      Peak Allocated bytes 7.1 KB
##utp:{"type":"MemoryLeaks","version":2,"phase":"Immediate","time":1703068130855,"processId":2106,"allocatedMemory":17684983,"memoryLabels":[{"Default":11511},{"Permanent":16296},{"Thread":1083492},{"Manager":19886},{"VertexData":12},{"Geometry":280},{"Texture":168},{"Shader":69105},{"Material":24},{"GfxDevice":225088},{"Animation":352},{"Audio":3976},{"FontEngine":336},{"Physics":505},{"Serialization":684},{"Input":26808},{"JobScheduler":232},{"Mono":40},{"ScriptingNativeRuntime":167184},{"BaseObject":1621588},{"Resource":1024},{"Renderer":2352},{"Transform":48},{"File":804},{"WebCam":40},{"Culling":40},{"Terrain":1025},{"Wind":24},{"String":14878},{"DynamicArray":91393},{"HashMap":102250},{"Utility":2659494},{"Curl":1112},{"PoolAlloc":1488},{"AI":40},{"TypeTree":4533},{"ScriptManager":528},{"RuntimeInitializeOnLoadManager":72},{"SpriteAtlas":112},{"GI":3552},{"Director":7928},{"CloudService":1016},{"WebRequest":720},{"VR":45785},{"SceneManager":600},{"Video":72},{"LazyScriptCache":32},{"NativeArray":12},{"Camera":25},{"Secure":6385},{"SerializationCache":1576},{"APIUpdating":11856},{"Subsystems":384},{"VirtualTexturing":57560},{"StaticSafetyDebugInfo":327680},{"EditorGui":56},{"EditorUtility":11815},{"VersionControl":4},{"Undo":736},{"AssetDatabase":11031007},{"RestService":1518},{"EditorGi":376},{"License":3608},{"UnityConnect":25432},{"Collab":641},{"Upm":1608},{"DrivenProperties":80},{"LocalIPC":212},{"ProfilerEditor":10943},{"CoreBusinessMetrics":2876},{"AssetReference":32},{"IPCStream":32}]}
